android/app/build/intermediates/manifest_merge_blame_file/debug/manifest-merger-blame-debug-report.txt
1<?xml version="1.0" encoding="utf-8"?>
2<manifest xmlns:android="http://schemas.android.com/apk/res/android"
3    package="com.limitnotifier"
4    android:versionCode="1"
5    android:versionName="1.0" >
6
7    <uses-sdk
8        android:minSdkVersion="21"
9        android:targetSdkVersion="30" />
10
11    <uses-permission android:name="android.permission.SYSTEM_ALERT_WINDOW" />
11-->src/debug/AndroidManifest.xml:5:5-77
11-->src/debug/AndroidManifest.xml:5:22-75
12    <uses-permission android:name="android.permission.INTERNET" />
12-->src/main/AndroidManifest.xml:4:5-67
12-->src/main/AndroidManifest.xml:4:22-64
13    <uses-permission android:name="android.permission.VIBRATE" />
13-->src/main/AndroidManifest.xml:5:5-66
13-->src/main/AndroidManifest.xml:5:22-63
14    <uses-permission android:name="android.permission.RECEIVE_BOOT_COMPLETED" />
14-->src/main/AndroidManifest.xml:6:5-80
14-->src/main/AndroidManifest.xml:6:22-78
15    <uses-permission android:name="android.permission.ACCESS_WIFI_STATE" />
15-->[com.facebook.flipper:flipper:0.99.0] AndroidManifest.xml:16:5-76
15-->[com.facebook.flipper:flipper:0.99.0] AndroidManifest.xml:16:22-73
16    <uses-permission android:name="android.permission.ACCESS_NETWORK_STATE" />
16-->[com.google.firebase:firebase-messaging:21.1.0] AndroidManifest.xml:22:5-79
16-->[com.google.firebase:firebase-messaging:21.1.0] AndroidManifest.xml:22:22-76
17    <uses-permission android:name="android.permission.WAKE_LOCK" /> <!-- Required by older versions of Google Play services to create IID tokens -->
17-->[com.google.firebase:firebase-messaging:21.1.0] AndroidManifest.xml:23:5-68
17-->[com.google.firebase:firebase-messaging:21.1.0] AndroidManifest.xml:23:22-65
18    <uses-permission android:name="com.google.android.c2dm.permission.RECEIVE" /> <!-- for android -->
18-->[com.google.firebase:firebase-messaging:21.1.0] AndroidManifest.xml:25:5-82
18-->[com.google.firebase:firebase-messaging:21.1.0] AndroidManifest.xml:25:22-79
19    <!-- <uses-permission android:name="com.android.launcher.permission.READ_SETTINGS"/> -->
20    <!-- <uses-permission android:name="com.android.launcher.permission.WRITE_SETTINGS"/> -->
21    <!-- <uses-permission android:name="com.android.launcher.permission.INSTALL_SHORTCUT" /> -->
22    <!-- <uses-permission android:name="com.android.launcher.permission.UNINSTALL_SHORTCUT" /> -->
23    <!-- for Samsung -->
24    <uses-permission android:name="com.sec.android.provider.badge.permission.READ" />
24-->[me.leolin:ShortcutBadger:1.1.22] AndroidManifest.xml:19:5-86
24-->[me.leolin:ShortcutBadger:1.1.22] AndroidManifest.xml:19:22-83
25    <uses-permission android:name="com.sec.android.provider.badge.permission.WRITE" /> <!-- for htc -->
25-->[me.leolin:ShortcutBadger:1.1.22] AndroidManifest.xml:20:5-87
25-->[me.leolin:ShortcutBadger:1.1.22] AndroidManifest.xml:20:22-84
26    <uses-permission android:name="com.htc.launcher.permission.READ_SETTINGS" />
26-->[me.leolin:ShortcutBadger:1.1.22] AndroidManifest.xml:23:5-81
26-->[me.leolin:ShortcutBadger:1.1.22] AndroidManifest.xml:23:22-78
27    <uses-permission android:name="com.htc.launcher.permission.UPDATE_SHORTCUT" /> <!-- for sony -->
27-->[me.leolin:ShortcutBadger:1.1.22] AndroidManifest.xml:24:5-83
27-->[me.leolin:ShortcutBadger:1.1.22] AndroidManifest.xml:24:22-80
28    <uses-permission android:name="com.sonyericsson.home.permission.BROADCAST_BADGE" />
28-->[me.leolin:ShortcutBadger:1.1.22] AndroidManifest.xml:27:5-88
28-->[me.leolin:ShortcutBadger:1.1.22] AndroidManifest.xml:27:22-85
29    <uses-permission android:name="com.sonymobile.home.permission.PROVIDER_INSERT_BADGE" /> <!-- for apex -->
29-->[me.leolin:ShortcutBadger:1.1.22] AndroidManifest.xml:28:5-92
29-->[me.leolin:ShortcutBadger:1.1.22] AndroidManifest.xml:28:22-89
30    <uses-permission android:name="com.anddoes.launcher.permission.UPDATE_COUNT" /> <!-- for solid -->
30-->[me.leolin:ShortcutBadger:1.1.22] AndroidManifest.xml:31:5-84
30-->[me.leolin:ShortcutBadger:1.1.22] AndroidManifest.xml:31:22-81
31    <uses-permission android:name="com.majeur.launcher.permission.UPDATE_BADGE" /> <!-- for huawei -->
31-->[me.leolin:ShortcutBadger:1.1.22] AndroidManifest.xml:34:5-83
31-->[me.leolin:ShortcutBadger:1.1.22] AndroidManifest.xml:34:22-80
32    <uses-permission android:name="com.huawei.android.launcher.permission.CHANGE_BADGE" />
32-->[me.leolin:ShortcutBadger:1.1.22] AndroidManifest.xml:37:5-91
32-->[me.leolin:ShortcutBadger:1.1.22] AndroidManifest.xml:37:22-88
33    <uses-permission android:name="com.huawei.android.launcher.permission.READ_SETTINGS" />
33-->[me.leolin:ShortcutBadger:1.1.22] AndroidManifest.xml:38:5-92
33-->[me.leolin:ShortcutBadger:1.1.22] AndroidManifest.xml:38:22-89
34    <uses-permission android:name="com.huawei.android.launcher.permission.WRITE_SETTINGS" /> <!-- for ZUK -->
34-->[me.leolin:ShortcutBadger:1.1.22] AndroidManifest.xml:39:5-93
34-->[me.leolin:ShortcutBadger:1.1.22] AndroidManifest.xml:39:22-90
35    <uses-permission android:name="android.permission.READ_APP_BADGE" /> <!-- for OPPO -->
35-->[me.leolin:ShortcutBadger:1.1.22] AndroidManifest.xml:42:5-73
35-->[me.leolin:ShortcutBadger:1.1.22] AndroidManifest.xml:42:22-70
36    <uses-permission android:name="com.oppo.launcher.permission.READ_SETTINGS" />
36-->[me.leolin:ShortcutBadger:1.1.22] AndroidManifest.xml:45:5-82
36-->[me.leolin:ShortcutBadger:1.1.22] AndroidManifest.xml:45:22-79
37    <uses-permission android:name="com.oppo.launcher.permission.WRITE_SETTINGS" /> <!-- for EvMe -->
37-->[me.leolin:ShortcutBadger:1.1.22] AndroidManifest.xml:46:5-83
37-->[me.leolin:ShortcutBadger:1.1.22] AndroidManifest.xml:46:22-80
38    <uses-permission android:name="me.everything.badger.permission.BADGE_COUNT_READ" />
38-->[me.leolin:ShortcutBadger:1.1.22] AndroidManifest.xml:49:5-88
38-->[me.leolin:ShortcutBadger:1.1.22] AndroidManifest.xml:49:22-85
39    <uses-permission android:name="me.everything.badger.permission.BADGE_COUNT_WRITE" />
39-->[me.leolin:ShortcutBadger:1.1.22] AndroidManifest.xml:50:5-89
39-->[me.leolin:ShortcutBadger:1.1.22] AndroidManifest.xml:50:22-86
40
41    <application
41-->src/main/AndroidManifest.xml:8:5-53:19
42        android:name="com.limitnotifier.MainApplication"
42-->src/main/AndroidManifest.xml:9:7-38
43        android:allowBackup="false"
43-->src/main/AndroidManifest.xml:13:7-34
44        android:appComponentFactory="androidx.core.app.CoreComponentFactory"
44-->[androidx.core:core:1.5.0] AndroidManifest.xml:24:18-86
45        android:debuggable="true"
46        android:icon="@mipmap/ic_launcher"
46-->src/main/AndroidManifest.xml:11:7-41
47        android:label="@string/app_name"
47-->src/main/AndroidManifest.xml:10:7-39
48        android:roundIcon="@mipmap/ic_launcher_round"
48-->src/main/AndroidManifest.xml:12:7-52
49        android:testOnly="true"
50        android:theme="@style/AppTheme"
50-->src/main/AndroidManifest.xml:14:7-38
51        android:usesCleartextTraffic="true" >
51-->src/debug/AndroidManifest.xml:8:9-44
52        <activity android:name="com.facebook.react.devsupport.DevSettingsActivity" />
52-->src/debug/AndroidManifest.xml:11:9-86
52-->src/debug/AndroidManifest.xml:11:19-83
53        <activity
53-->src/main/AndroidManifest.xml:15:7-25:18
54            android:name="com.limitnotifier.MainActivity"
54-->src/main/AndroidManifest.xml:16:9-37
55            android:configChanges="keyboard|keyboardHidden|orientation|screenSize|uiMode"
55-->src/main/AndroidManifest.xml:18:9-86
56            android:label="@string/app_name"
56-->src/main/AndroidManifest.xml:17:9-41
57            android:launchMode="singleTask"
57-->src/main/AndroidManifest.xml:19:9-40
58            android:windowSoftInputMode="adjustResize" >
58-->src/main/AndroidManifest.xml:20:9-51
59            <intent-filter>
59-->src/main/AndroidManifest.xml:21:9-24:25
60                <action android:name="android.intent.action.MAIN" />
60-->src/main/AndroidManifest.xml:22:13-65
60-->src/main/AndroidManifest.xml:22:21-62
61
62                <category android:name="android.intent.category.LAUNCHER" />
62-->src/main/AndroidManifest.xml:23:13-73
62-->src/main/AndroidManifest.xml:23:23-70
63            </intent-filter>
64        </activity>
65
66        <meta-data
66-->src/main/AndroidManifest.xml:27:9-100
67            android:name="google_analytics_adid_collection_enabled"
67-->src/main/AndroidManifest.xml:27:20-75
68            android:value="false" />
68-->src/main/AndroidManifest.xml:27:76-97
69        <meta-data
69-->src/main/AndroidManifest.xml:28:9-130
70            android:name="com.dieam.reactnativepushnotification.notification_channel_name"
70-->src/main/AndroidManifest.xml:28:20-98
71            android:value="LimitNotifier" />
71-->src/main/AndroidManifest.xml:28:99-128
72        <meta-data
72-->src/main/AndroidManifest.xml:29:9-151
73            android:name="com.dieam.reactnativepushnotification.notification_channel_description"
73-->src/main/AndroidManifest.xml:29:20-105
74            android:value="LimitNotifier Notifications" /> <!-- Change the resource name to your App's accent color - or any other color you want -->
74-->src/main/AndroidManifest.xml:29:106-149
75        <meta-data
75-->src/main/AndroidManifest.xml:31:9-133
76            android:name="com.dieam.reactnativepushnotification.notification_color"
76-->src/main/AndroidManifest.xml:31:20-91
77            android:resource="@android:color/white" />
77-->src/main/AndroidManifest.xml:31:92-131
78
79        <receiver
79-->src/main/AndroidManifest.xml:33:9-38:20
80            android:name="com.google.android.gms.gcm.GcmReceiver"
80-->src/main/AndroidManifest.xml:33:19-72
81            android:exported="true"
81-->src/main/AndroidManifest.xml:33:73-96
82            android:permission="com.google.android.c2dm.permission.SEND" >
82-->src/main/AndroidManifest.xml:33:97-157
83            <intent-filter>
83-->src/main/AndroidManifest.xml:34:13-37:29
84                <action android:name="com.google.android.c2dm.intent.RECEIVE" />
84-->src/main/AndroidManifest.xml:35:17-81
84-->src/main/AndroidManifest.xml:35:25-78
85
86                <category android:name="com.limitnotifier" />
87            </intent-filter>
88        </receiver>
89        <receiver android:name="com.dieam.reactnativepushnotification.modules.RNPushNotificationPublisher" />
89-->src/main/AndroidManifest.xml:39:9-110
89-->src/main/AndroidManifest.xml:39:19-107
90        <receiver android:name="com.dieam.reactnativepushnotification.modules.RNPushNotificationBootEventReceiver" >
90-->src/main/AndroidManifest.xml:40:9-44:20
90-->src/main/AndroidManifest.xml:40:19-115
91            <intent-filter>
91-->src/main/AndroidManifest.xml:41:13-43:29
92                <action android:name="android.intent.action.BOOT_COMPLETED" />
92-->src/main/AndroidManifest.xml:42:17-79
92-->src/main/AndroidManifest.xml:42:25-76
93            </intent-filter>
94        </receiver>
95
96        <service android:name="com.dieam.reactnativepushnotification.modules.RNPushNotificationRegistrationService" />
96-->src/main/AndroidManifest.xml:45:9-118
96-->src/main/AndroidManifest.xml:45:18-116
97        <service
97-->src/main/AndroidManifest.xml:46:9-51:19
98            android:name="com.dieam.reactnativepushnotification.modules.RNPushNotificationListenerServiceGcm"
98-->src/main/AndroidManifest.xml:46:18-115
99            android:exported="false" >
99-->src/main/AndroidManifest.xml:46:116-140
100            <intent-filter>
100-->src/main/AndroidManifest.xml:47:13-50:29
101                <action android:name="com.google.android.c2dm.intent.RECEIVE" />
101-->src/main/AndroidManifest.xml:35:17-81
101-->src/main/AndroidManifest.xml:35:25-78
102                <action android:name="com.google.firebase.MESSAGING_EVENT" />
102-->src/main/AndroidManifest.xml:49:17-78
102-->src/main/AndroidManifest.xml:49:25-75
103            </intent-filter>
104        </service>
105
106        <receiver
106-->[com.google.firebase:firebase-messaging:21.1.0] AndroidManifest.xml:28:9-35:20
107            android:name="com.google.firebase.iid.FirebaseInstanceIdReceiver"
107-->[com.google.firebase:firebase-messaging:21.1.0] AndroidManifest.xml:29:13-78
108            android:exported="true"
108-->[com.google.firebase:firebase-messaging:21.1.0] AndroidManifest.xml:30:13-36
109            android:permission="com.google.android.c2dm.permission.SEND" >
109-->[com.google.firebase:firebase-messaging:21.1.0] AndroidManifest.xml:31:13-73
110            <intent-filter>
110-->[com.google.firebase:firebase-messaging:21.1.0] AndroidManifest.xml:32:13-34:29
111                <action android:name="com.google.android.c2dm.intent.RECEIVE" />
111-->src/main/AndroidManifest.xml:35:17-81
111-->src/main/AndroidManifest.xml:35:25-78
112            </intent-filter>
113        </receiver>
114        <!--
115             FirebaseMessagingService performs security checks at runtime,
116             but set to not exported to explicitly avoid allowing another app to call it.
117        -->
118        <service
118-->[com.google.firebase:firebase-messaging:21.1.0] AndroidManifest.xml:41:9-48:19
119            android:name="com.google.firebase.messaging.FirebaseMessagingService"
119-->[com.google.firebase:firebase-messaging:21.1.0] AndroidManifest.xml:42:13-82
120            android:directBootAware="true"
120-->[com.google.firebase:firebase-messaging:21.1.0] AndroidManifest.xml:43:13-43
121            android:exported="false" >
121-->[com.google.firebase:firebase-messaging:21.1.0] AndroidManifest.xml:44:13-37
122            <intent-filter android:priority="-500" >
122-->[com.google.firebase:firebase-messaging:21.1.0] AndroidManifest.xml:45:13-47:29
122-->[com.google.firebase:firebase-messaging:21.1.0] AndroidManifest.xml:45:28-51
123                <action android:name="com.google.firebase.MESSAGING_EVENT" />
123-->src/main/AndroidManifest.xml:49:17-78
123-->src/main/AndroidManifest.xml:49:25-75
124            </intent-filter>
125        </service>
126        <service
126-->[com.google.firebase:firebase-messaging:21.1.0] AndroidManifest.xml:49:9-55:19
127            android:name="com.google.firebase.components.ComponentDiscoveryService"
127-->[com.google.firebase:firebase-messaging:21.1.0] AndroidManifest.xml:50:13-84
128            android:directBootAware="true"
128-->[com.google.firebase:firebase-common:19.5.0] AndroidManifest.xml:35:13-43
129            android:exported="false" >
129-->[com.google.firebase:firebase-messaging:21.1.0] AndroidManifest.xml:51:13-37
130            <meta-data
130-->[com.google.firebase:firebase-messaging:21.1.0] AndroidManifest.xml:52:13-54:85
131                android:name="com.google.firebase.components:com.google.firebase.messaging.FirebaseMessagingRegistrar"
131-->[com.google.firebase:firebase-messaging:21.1.0] AndroidManifest.xml:53:17-119
132                android:value="com.google.firebase.components.ComponentRegistrar" />
132-->[com.google.firebase:firebase-messaging:21.1.0] AndroidManifest.xml:54:17-82
133            <meta-data
133-->[com.google.firebase:firebase-datatransport:17.0.10] AndroidManifest.xml:28:13-30:85
134                android:name="com.google.firebase.components:com.google.firebase.datatransport.TransportRegistrar"
134-->[com.google.firebase:firebase-datatransport:17.0.10] AndroidManifest.xml:29:17-115
135                android:value="com.google.firebase.components.ComponentRegistrar" />
135-->[com.google.firebase:firebase-datatransport:17.0.10] AndroidManifest.xml:30:17-82
136            <meta-data
136-->[com.google.firebase:firebase-iid:21.1.0] AndroidManifest.xml:32:13-34:85
137                android:name="com.google.firebase.components:com.google.firebase.iid.Registrar"
137-->[com.google.firebase:firebase-iid:21.1.0] AndroidManifest.xml:33:17-96
138                android:value="com.google.firebase.components.ComponentRegistrar" />
138-->[com.google.firebase:firebase-iid:21.1.0] AndroidManifest.xml:34:17-82
139            <meta-data
139-->[com.google.firebase:firebase-installations:16.3.5] AndroidManifest.xml:18:13-20:85
140                android:name="com.google.firebase.components:com.google.firebase.installations.FirebaseInstallationsRegistrar"
140-->[com.google.firebase:firebase-installations:16.3.5] AndroidManifest.xml:19:17-127
141                android:value="com.google.firebase.components.ComponentRegistrar" />
141-->[com.google.firebase:firebase-installations:16.3.5] AndroidManifest.xml:20:17-82
142            <!--
143                This registrar is not defined in the dynamic-module-support sdk itself to allow non-firebase
144                clients to use it as well, by defining this registrar in their own core/common library.
145            -->
146            <meta-data
146-->[com.google.firebase:firebase-common:19.5.0] AndroidManifest.xml:43:13-45:85
147                android:name="com.google.firebase.components:com.google.firebase.dynamicloading.DynamicLoadingRegistrar"
147-->[com.google.firebase:firebase-common:19.5.0] AndroidManifest.xml:44:17-121
148                android:value="com.google.firebase.components.ComponentRegistrar" />
148-->[com.google.firebase:firebase-common:19.5.0] AndroidManifest.xml:45:17-82
149        </service>
150        <service
150-->[com.google.android.datatransport:transport-backend-cct:2.3.3] AndroidManifest.xml:29:9-35:19
151            android:name="com.google.android.datatransport.runtime.backends.TransportBackendDiscovery"
151-->[com.google.android.datatransport:transport-backend-cct:2.3.3] AndroidManifest.xml:30:13-103
152            android:exported="false" >
152-->[com.google.android.datatransport:transport-backend-cct:2.3.3] AndroidManifest.xml:31:13-37
153            <meta-data
153-->[com.google.android.datatransport:transport-backend-cct:2.3.3] AndroidManifest.xml:32:13-34:39
154                android:name="backend:com.google.android.datatransport.cct.CctBackendFactory"
154-->[com.google.android.datatransport:transport-backend-cct:2.3.3] AndroidManifest.xml:33:17-94
155                android:value="cct" />
155-->[com.google.android.datatransport:transport-backend-cct:2.3.3] AndroidManifest.xml:34:17-36
156        </service>
157        <service
157-->[com.google.android.datatransport:transport-runtime:2.2.5] AndroidManifest.xml:26:9-30:19
158            android:name="com.google.android.datatransport.runtime.scheduling.jobscheduling.JobInfoSchedulerService"
158-->[com.google.android.datatransport:transport-runtime:2.2.5] AndroidManifest.xml:27:13-117
159            android:exported="false"
159-->[com.google.android.datatransport:transport-runtime:2.2.5] AndroidManifest.xml:28:13-37
160            android:permission="android.permission.BIND_JOB_SERVICE" >
160-->[com.google.android.datatransport:transport-runtime:2.2.5] AndroidManifest.xml:29:13-69
161        </service>
162
163        <receiver
163-->[com.google.android.datatransport:transport-runtime:2.2.5] AndroidManifest.xml:32:9-34:40
164            android:name="com.google.android.datatransport.runtime.scheduling.jobscheduling.AlarmManagerSchedulerBroadcastReceiver"
164-->[com.google.android.datatransport:transport-runtime:2.2.5] AndroidManifest.xml:33:13-132
165            android:exported="false" />
165-->[com.google.android.datatransport:transport-runtime:2.2.5] AndroidManifest.xml:34:13-37
166
167        <provider
167-->[com.google.firebase:firebase-common:19.5.0] AndroidManifest.xml:26:9-31:39
168            android:name="com.google.firebase.provider.FirebaseInitProvider"
168-->[com.google.firebase:firebase-common:19.5.0] AndroidManifest.xml:27:13-77
169            android:authorities="com.limitnotifier.firebaseinitprovider"
169-->[com.google.firebase:firebase-common:19.5.0] AndroidManifest.xml:28:13-72
170            android:directBootAware="true"
170-->[com.google.firebase:firebase-common:19.5.0] AndroidManifest.xml:29:13-43
171            android:exported="false"
171-->[com.google.firebase:firebase-common:19.5.0] AndroidManifest.xml:30:13-37
172            android:initOrder="100" />
172-->[com.google.firebase:firebase-common:19.5.0] AndroidManifest.xml:31:13-36
173
174        <meta-data
174-->[com.google.android.gms:play-services-basement:17.0.0] AndroidManifest.xml:23:9-25:69
175            android:name="com.google.android.gms.version"
175-->[com.google.android.gms:play-services-basement:17.0.0] AndroidManifest.xml:24:13-58
176            android:value="@integer/google_play_services_version" />
176-->[com.google.android.gms:play-services-basement:17.0.0] AndroidManifest.xml:25:13-66
177    </application>
178
179</manifest>